26-Mar-2020 11:12:43
WebApp.Controllers.ProductController
Object reference not set to an instance of an object.
_____________________________________________________

26-Mar-2020 11:13:32
WebApp.Controllers.ProductController
Object reference not set to an instance of an object.
_____________________________________________________

26-Mar-2020 02:55:03
WebApp.Controllers.ProductController
Object reference not set to an instance of an object.
_____________________________________________________

26-Mar-2020 02:58:10
WebApp.Controllers.ProductController
Object reference not set to an instance of an object.
_____________________________________________________

26-Mar-2020 03:09:38
WebApp.Controllers.ProductController
Object reference not set to an instance of an object.
_____________________________________________________

26-Mar-2020 03:38:22
WebApp.Controllers.ProductController
No JSON content found and type 'System.Int32' is not nullable. Path '', line 0, position 0.
_____________________________________________________

26-Mar-2020 03:39:00
WebApp.Controllers.ProductController
No JSON content found and type 'System.Int32' is not nullable. Path '', line 0, position 0.
_____________________________________________________

